2026-07-05T17:52:14.035Z [identity-service] [32minfo[39m [NestFactory] [32mStarting Nest application...[39m
2026-07-05T17:52:14.046Z [identity-service] [32minfo[39m [InstanceLoader] [32mConfigHostModule dependencies initialized[39m
2026-07-05T17:52:14.046Z [identity-service] [32minfo[39m [InstanceLoader] [32mJwtModule dependencies initialized[39m
2026-07-05T17:52:14.047Z [identity-service] [32minfo[39m [InstanceLoader] [32mConfigModule dependencies initialized[39m
2026-07-05T17:52:14.051Z [identity-service] [32minfo[39m [InstanceLoader] [32mAppConfigModule dependencies initialized[39m
2026-07-05T17:52:14.051Z [identity-service] [32minfo[39m [InstanceLoader] [32mRedisModule dependencies initialized[39m
2026-07-05T17:52:14.052Z [identity-service] [32minfo[39m [InstanceLoader] [32mIdentityModule dependencies initialized[39m
2026-07-05T17:52:14.125Z [identity-service] [32minfo[39m [NestMicroservice] [32mNest microservice successfully started[39m
2026-07-05T17:52:17.759Z [identity-service] [32minfo[39m [SmsProvider] [32m[mock-sms via mock] OTP for +639170000003: 184067[39m
2026-07-05T17:52:32.607Z [identity-service] [32minfo[39m [SmsProvider] [32m[mock-sms via mock] OTP for +639170000004: 003126[39m
2026-07-05T18:03:21.625Z [identity-service] [32minfo[39m [SmsProvider] [32m[mock-sms via mock] OTP for +639171234567: 171514[39m
2026-07-05T18:04:28.051Z [identity-service] [32minfo[39m [SmsProvider] [32m[mock-sms via mock] OTP for +639179876543: 935792[39m
2026-07-05T18:07:13.636Z [identity-service] [32minfo[39m [SmsProvider] [32m[mock-sms via mock] OTP for +639523239219: 403339[39m
2026-07-05T18:07:50.248Z [identity-service] [32minfo[39m [SmsProvider] [32m[mock-sms via mock] OTP for +639913312577: 935218[39m
2026-07-05T18:20:30.931Z [identity-service] [32minfo[39m [SmsProvider] [32m[mock-sms via mock] OTP for +639171234567: 169107[39m
2026-07-05T18:23:07.011Z [identity-service] [32minfo[39m [SmsProvider] [32m[mock-sms via mock] OTP for +639107960084: 516003[39m
2026-07-05T18:27:54.925Z [identity-service] [32minfo[39m [SmsProvider] [32m[mock-sms via mock] OTP for +639143856309: 105209[39m
2026-07-05T18:31:11.177Z [identity-service] [32minfo[39m [SmsProvider] [32m[mock-sms via mock] OTP for +639130484626: 952227[39m
2026-07-05T18:31:11.742Z [identity-service] [32minfo[39m [SmsProvider] [32m[mock-sms via mock] OTP for +639290321529: 509598[39m
2026-07-05T18:43:50.592Z [identity-service] [32minfo[39m [SmsProvider] [32m[mock-sms via mock] OTP for +639157466032: 568857[39m
2026-07-05T18:43:51.023Z [identity-service] [32minfo[39m [SmsProvider] [32m[mock-sms via mock] OTP for +639184250064: 305652[39m
